1521773260292:help
1521773271674:new help
1521773279137:help new
1521774049237:help
1521774055849:help new
1521774072014:new teste
1521776630842:new -n teste -p aaa
1521776948802:new -n teste -p ppp
1521778108880:new -n sgpa -p com.lgc.ctps.sgpa
1521778363630:new appp appp
1521778584568:new sgpa com.com.com
1521778746006:new appp br.com
1521780519694:new sgpa aaa
1521780576972:new app app.app
1521780586590:new appp app.app
1521780892362:new sgpa com.lgc.ctps.sgpa
1521782772755:sgpa com.lgc
1521782780891:new sgpa com.lgc
1521782878533:new sgpa com.lgc.ctps.sgpa
1521783391694:new sppp soiajsioja
1521783580593:new appp spoapska
1521784475601:new soah asasa.sasas
1521784494975:new asaiosj asas
1521784664448:new saois asas
1521784976458:new sgpa com.lgc.ctps.sgpa
1521785384916:new sauhs asasas
